Release 14.7 - xst P.20131013 (lin64)
Copyright (c) 1995-2013 Xilinx, Inc.  All rights reserved.
--> 
Parameter TMPDIR set to xst/projnav.tmp


Total REAL time to Xst completion: 1.00 secs
Total CPU time to Xst completion: 0.06 secs
 
--> 
Parameter xsthdpdir set to xst


Total REAL time to Xst completion: 1.00 secs
Total CPU time to Xst completion: 0.06 secs
 
--> 
Reading design: ent_trans.prj

TABLE OF CONTENTS
  1) Synthesis Options Summary
  2) HDL Parsing
  3) HDL Elaboration
  4) HDL Synthesis
       4.1) HDL Synthesis Report
  5) Advanced HDL Synthesis
       5.1) Advanced HDL Synthesis Report
  6) Low Level Synthesis
  7) Partition Report
  8) Design Summary
       8.1) Primitive and Black Box Usage
       8.2) Device utilization summary
       8.3) Partition Resource Summary
       8.4) Timing Report
            8.4.1) Clock Information
            8.4.2) Asynchronous Control Signals Information
            8.4.3) Timing Summary
            8.4.4) Timing Details
            8.4.5) Cross Clock Domains Report


=========================================================================
*                      Synthesis Options Summary                        *
=========================================================================
---- Source Parameters
Input File Name                    : "ent_trans.prj"
Ignore Synthesis Constraint File   : NO

---- Target Parameters
Output File Name                   : "ent_trans"
Output Format                      : NGC
Target Device                      : xc6slx16-3-csg324

---- Source Options
Top Module Name                    : ent_trans
Automatic FSM Extraction           : YES
FSM Encoding Algorithm             : Auto
Safe Implementation                : No
FSM Style                          : LUT
RAM Extraction                     : Yes
RAM Style                          : Auto
ROM Extraction                     : Yes
Shift Register Extraction          : YES
ROM Style                          : Auto
Resource Sharing                   : YES
Asynchronous To Synchronous        : NO
Shift Register Minimum Size        : 2
Use DSP Block                      : Auto
Automatic Register Balancing       : No

---- Target Options
LUT Combining                      : Auto
Reduce Control Sets                : Auto
Add IO Buffers                     : YES
Global Maximum Fanout              : 100000
Add Generic Clock Buffer(BUFG)     : 16
Register Duplication               : YES
Optimize Instantiated Primitives   : NO
Use Clock Enable                   : Auto
Use Synchronous Set                : Auto
Use Synchronous Reset              : Auto
Pack IO Registers into IOBs        : Auto
Equivalent register Removal        : YES

---- General Options
Optimization Goal                  : Speed
Optimization Effort                : 1
Power Reduction                    : NO
Keep Hierarchy                     : No
Netlist Hierarchy                  : As_Optimized
RTL Output                         : Yes
Global Optimization                : AllClockNets
Read Cores                         : YES
Write Timing Constraints           : NO
Cross Clock Analysis               : NO
Hierarchy Separator                : /
Bus Delimiter                      : <>
Case Specifier                     : Maintain
Slice Utilization Ratio            : 100
BRAM Utilization Ratio             : 100
DSP48 Utilization Ratio            : 100
Auto BRAM Packing                  : NO
Slice Utilization Ratio Delta      : 5

=========================================================================


=========================================================================
*                          HDL Parsing                                  *
=========================================================================
Parsing VHDL file "/home/tk/Desktop/cpeg622/proj1/part1/trans.vhd" into library work
Parsing entity <ent_trans>.
Parsing architecture <arch_trans> of entity <ent_trans>.

=========================================================================
*                            HDL Elaboration                            *
=========================================================================

Elaborating entity <ent_trans> (architecture <arch_trans>) with generics from library <work>.

=========================================================================
*                           HDL Synthesis                               *
=========================================================================

Synthesizing Unit <ent_trans>.
    Related source file is "/home/tk/Desktop/cpeg622/proj1/part1/trans.vhd".
        WORD_BITS = 8
        BUF_BITS = 2
        BUFF_LEN = 3
    Found 4x8-bit dual-port RAM <Mram_buff> for signal <buff>.
    Found 2-bit register for signal <state>.
    Found 2-bit register for signal <p>.
    Found 1-bit register for signal <tx_start>.
    Found finite state machine <FSM_0> for signal <state>.
    -----------------------------------------------------------------------
    | States             | 3                                              |
    | Transitions        | 7                                              |
    | Inputs             | 4                                              |
    | Outputs            | 3                                              |
    | Clock              | clk (rising_edge)                              |
    | Reset              | rst (positive)                                 |
    | Reset type         | asynchronous                                   |
    | Reset State        | read_s                                         |
    | Power Up State     | read_s                                         |
    | Encoding           | auto                                           |
    | Implementation     | LUT                                            |
    -----------------------------------------------------------------------
    Found 3-bit subtractor for signal <GND_4_o_GND_4_o_sub_3_OUT> created at line 28.
    Found 2-bit adder for signal <p_plus> created at line 1241.
    Found 2-bit subtractor for signal <p_minus> created at line 23.
    Found 2-bit subtractor for signal <GND_4_o_GND_4_o_sub_4_OUT<1:0>> created at line 28.
    Summary:
	inferred   1 RAM(s).
	inferred   3 Adder/Subtractor(s).
	inferred   3 D-type flip-flop(s).
	inferred   3 Multiplexer(s).
	inferred   1 Finite State Machine(s).
Unit <ent_trans> synthesized.

=========================================================================
HDL Synthesis Report

Macro Statistics
# RAMs                                                 : 1
 4x8-bit dual-port RAM                                 : 1
# Adders/Subtractors                                   : 3
 2-bit addsub                                          : 1
 2-bit subtractor                                      : 1
 3-bit subtractor                                      : 1
# Registers                                            : 2
 1-bit register                                        : 1
 2-bit register                                        : 1
# Multiplexers                                         : 3
 1-bit 2-to-1 multiplexer                              : 3
# FSMs                                                 : 1

=========================================================================
INFO:Xst:1767 - HDL ADVISOR - Resource sharing has identified that some arithmetic operations in this design can share the same physical resources for reduced device utilization. For improved clock frequency you may try to disable resource sharing.

=========================================================================
*                       Advanced HDL Synthesis                          *
=========================================================================


Synthesizing (advanced) Unit <ent_trans>.
The following registers are absorbed into counter <p>: 1 register on signal <p>.
INFO:Xst:3218 - HDL ADVISOR - The RAM <Mram_buff> will be implemented on LUTs either because you have described an asynchronous read or because of currently unsupported block RAM features. If you have described an asynchronous read, making it synchronous would allow you to take advantage of available block RAM resources, for optimized device usage and improved timings. Please refer to your documentation for coding guidelines.
    -----------------------------------------------------------------------
    | ram_type           | Distributed                         |          |
    -----------------------------------------------------------------------
    | Port A                                                              |
    |     aspect ratio   | 4-word x 8-bit                      |          |
    |     clkA           | connected to signal <clk>           | rise     |
    |     weA            | connected to internal node          | high     |
    |     addrA          | connected to signal <p>             |          |
    |     diA            | connected to signal <rx_dout>       |          |
    -----------------------------------------------------------------------
    | Port B                                                              |
    |     aspect ratio   | 4-word x 8-bit                      |          |
    |     addrB          | connected to signal <GND_4_o_GND_4_o_sub_4_OUT> |          |
    |     doB            | connected to signal <tx_din>        |          |
    -----------------------------------------------------------------------
Unit <ent_trans> synthesized (advanced).

=========================================================================
Advanced HDL Synthesis Report

Macro Statistics
# RAMs                                                 : 1
 4x8-bit dual-port distributed RAM                     : 1
# Adders/Subtractors                                   : 1
 2-bit subtractor borrow in                            : 1
# Counters                                             : 1
 2-bit updown counter                                  : 1
# Registers                                            : 1
 Flip-Flops                                            : 1
# Multiplexers                                         : 2
 1-bit 2-to-1 multiplexer                              : 2
# FSMs                                                 : 1

=========================================================================

=========================================================================
*                         Low Level Synthesis                           *
=========================================================================
Analyzing FSM <MFsm> for best encoding.
Optimizing FSM <FSM_0> on signal <state[1:2]> with user encoding.
--------------------
 State  | Encoding
--------------------
 read_s | 00
 wait_s | 01
 push_s | 10
--------------------

Optimizing unit <ent_trans> ...

Mapping all equations...
Building and optimizing final netlist ...
Found area constraint ratio of 100 (+ 5) on block ent_trans, actual ratio is 0.

Final Macro Processing ...

=========================================================================
Final Register Report

Macro Statistics
# Registers                                            : 5
 Flip-Flops                                            : 5

=========================================================================

=========================================================================
*                           Partition Report                            *
=========================================================================

Partition Implementation Status
-------------------------------

  No Partitions were found in this design.

-------------------------------

=========================================================================
*                            Design Summary                             *
=========================================================================

Top Level Output File Name         : ent_trans.ngc

Primitive and Black Box Usage:
------------------------------
# BELS                             : 9
#      GND                         : 1
#      INV                         : 1
#      LUT2                        : 1
#      LUT3                        : 1
#      LUT4                        : 2
#      LUT6                        : 3
# FlipFlops/Latches                : 5
#      FDC                         : 3
#      FDCE                        : 1
#      FDE                         : 1
# RAMS                             : 3
#      RAM16X1D                    : 2
#      RAM32M                      : 1
# Clock Buffers                    : 1
#      BUFGP                       : 1
# IO Buffers                       : 20
#      IBUF                        : 11
#      OBUF                        : 9

Device utilization summary:
---------------------------

Selected Device : 6slx16csg324-3 


Slice Logic Utilization: 
 Number of Slice Registers:               5  out of  18224     0%  
 Number of Slice LUTs:                   16  out of   9112     0%  
    Number used as Logic:                 8  out of   9112     0%  
    Number used as Memory:                8  out of   2176     0%  
       Number used as RAM:                8

Slice Logic Distribution: 
 Number of LUT Flip Flop pairs used:     17
   Number with an unused Flip Flop:      12  out of     17    70%  
   Number with an unused LUT:             1  out of     17     5%  
   Number of fully used LUT-FF pairs:     4  out of     17    23%  
   Number of unique control sets:         3

IO Utilization: 
 Number of IOs:                          21
 Number of bonded IOBs:                  21  out of    232     9%  

Specific Feature Utilization:
 Number of BUFG/BUFGCTRLs:                1  out of     16     6%  

---------------------------
Partition Resource Summary:
---------------------------

  No Partitions were found in this design.

---------------------------


=========================================================================
Timing Report

NOTE: THESE TIMING NUMBERS ARE ONLY A SYNTHESIS ESTIMATE.
      FOR ACCURATE TIMING INFORMATION PLEASE REFER TO THE TRACE REPORT
      GENERATED AFTER PLACE-and-ROUTE.

Clock Information:
------------------
-----------------------------------+------------------------+-------+
Clock Signal                       | Clock buffer(FF name)  | Load  |
-----------------------------------+------------------------+-------+
clk                                | BUFGP                  | 8     |
-----------------------------------+------------------------+-------+

Asynchronous Control Signals Information:
----------------------------------------
No asynchronous control signals found in this design

Timing Summary:
---------------
Speed Grade: -3

   Minimum period: 2.581ns (Maximum Frequency: 387.499MHz)
   Minimum input arrival time before clock: 3.373ns
   Maximum output required time after clock: 5.749ns
   Maximum combinational path delay: No path found

Timing Details:
---------------
All values displayed in nanoseconds (ns)

=========================================================================
Timing constraint: Default period analysis for Clock 'clk'
  Clock period: 2.581ns (frequency: 387.499MHz)
  Total number of paths / destination ports: 37 / 19
-------------------------------------------------------------------------
Delay:               2.581ns (Levels of Logic = 1)
  Source:            p_0 (FF)
  Destination:       p_1 (FF)
  Source Clock:      clk rising
  Destination Clock: clk rising

  Data Path: p_0 to p_1
                                Gate     Net
    Cell:in->out      fanout   Delay   Delay  Logical Name (Net Name)
    ----------------------------------------  ------------
     FDC:C->Q             17   0.447   1.028  p_0 (p_0)
     LUT6:I5->O            1   0.205   0.579  _n0087_inv11 (_n0087_inv)
     FDCE:CE                   0.322          p_1
    ----------------------------------------
    Total                      2.581ns (0.974ns logic, 1.607ns route)
                                       (37.7% logic, 62.3% route)

=========================================================================
Timing constraint: Default OFFSET IN BEFORE for Clock 'clk'
  Total number of paths / destination ports: 26 / 20
-------------------------------------------------------------------------
Offset:              3.373ns (Levels of Logic = 2)
  Source:            rx_done (PAD)
  Destination:       p_1 (FF)
  Destination Clock: clk rising

  Data Path: rx_done to p_1
                                Gate     Net
    Cell:in->out      fanout   Delay   Delay  Logical Name (Net Name)
    ----------------------------------------  ------------
     IBUF:I->O             4   1.222   1.048  rx_done_IBUF (rx_done_IBUF)
     LUT6:I0->O            1   0.203   0.579  _n0087_inv11 (_n0087_inv)
     FDCE:CE                   0.322          p_1
    ----------------------------------------
    Total                      3.373ns (1.747ns logic, 1.626ns route)
                                       (51.8% logic, 48.2% route)

=========================================================================
Timing constraint: Default OFFSET OUT AFTER for Clock 'clk'
  Total number of paths / destination ports: 15 / 9
-------------------------------------------------------------------------
Offset:              5.749ns (Levels of Logic = 3)
  Source:            p_0 (FF)
  Destination:       tx_din<7> (PAD)
  Source Clock:      clk rising

  Data Path: p_0 to tx_din<7>
                                Gate     Net
    Cell:in->out      fanout   Delay   Delay  Logical Name (Net Name)
    ----------------------------------------  ------------
     FDC:C->Q             17   0.447   1.028  p_0 (p_0)
     LUT2:I1->O            5   0.205   0.714  Msub_GND_4_o_GND_4_o_sub_4_OUT<1:0>_Madd_xor<1>11 (GND_4_o_GND_4_o_sub_4_OUT<1>)
     RAM16X1D:DPRA1->DPO    1   0.205   0.579  Mram_buff21 (tx_din_6_OBUF)
     OBUF:I->O                 2.571          tx_din_6_OBUF (tx_din<6>)
    ----------------------------------------
    Total                      5.749ns (3.428ns logic, 2.321ns route)
                                       (59.6% logic, 40.4% route)

=========================================================================

Cross Clock Domains Report:
--------------------------

Clock to Setup on destination clock clk
---------------+---------+---------+---------+---------+
               | Src:Rise| Src:Fall| Src:Rise| Src:Fall|
Source Clock   |Dest:Rise|Dest:Rise|Dest:Fall|Dest:Fall|
---------------+---------+---------+---------+---------+
clk            |    2.581|         |         |         |
---------------+---------+---------+---------+---------+

=========================================================================


Total REAL time to Xst completion: 7.00 secs
Total CPU time to Xst completion: 6.05 secs
 
--> 


Total memory usage is 393204 kilobytes

Number of errors   :    0 (   0 filtered)
Number of warnings :    0 (   0 filtered)
Number of infos    :    2 (   0 filtered)

