Release 14.7 - xst P.20131013 (lin64)
Copyright (c) 1995-2013 Xilinx, Inc.  All rights reserved.
--> 
Parameter TMPDIR set to xst/projnav.tmp


Total REAL time to Xst completion: 0.00 secs
Total CPU time to Xst completion: 0.06 secs
 
--> 
Parameter xsthdpdir set to xst


Total REAL time to Xst completion: 0.00 secs
Total CPU time to Xst completion: 0.07 secs
 
--> 
Reading design: uart.prj

TABLE OF CONTENTS
  1) Synthesis Options Summary
  2) HDL Parsing
  3) HDL Elaboration
  4) HDL Synthesis
       4.1) HDL Synthesis Report
  5) Advanced HDL Synthesis
       5.1) Advanced HDL Synthesis Report
  6) Low Level Synthesis
  7) Partition Report
  8) Design Summary
       8.1) Primitive and Black Box Usage
       8.2) Device utilization summary
       8.3) Partition Resource Summary
       8.4) Timing Report
            8.4.1) Clock Information
            8.4.2) Asynchronous Control Signals Information
            8.4.3) Timing Summary
            8.4.4) Timing Details
            8.4.5) Cross Clock Domains Report


=========================================================================
*                      Synthesis Options Summary                        *
=========================================================================
---- Source Parameters
Input File Name                    : "uart.prj"
Ignore Synthesis Constraint File   : NO

---- Target Parameters
Output File Name                   : "uart"
Output Format                      : NGC
Target Device                      : xc6slx16-3-csg324

---- Source Options
Top Module Name                    : uart
Automatic FSM Extraction           : YES
FSM Encoding Algorithm             : Auto
Safe Implementation                : No
FSM Style                          : LUT
RAM Extraction                     : Yes
RAM Style                          : Auto
ROM Extraction                     : Yes
Shift Register Extraction          : YES
ROM Style                          : Auto
Resource Sharing                   : YES
Asynchronous To Synchronous        : NO
Shift Register Minimum Size        : 2
Use DSP Block                      : Auto
Automatic Register Balancing       : No

---- Target Options
LUT Combining                      : Auto
Reduce Control Sets                : Auto
Add IO Buffers                     : YES
Global Maximum Fanout              : 100000
Add Generic Clock Buffer(BUFG)     : 16
Register Duplication               : YES
Optimize Instantiated Primitives   : NO
Use Clock Enable                   : Auto
Use Synchronous Set                : Auto
Use Synchronous Reset              : Auto
Pack IO Registers into IOBs        : Auto
Equivalent register Removal        : YES

---- General Options
Optimization Goal                  : Speed
Optimization Effort                : 1
Power Reduction                    : NO
Keep Hierarchy                     : No
Netlist Hierarchy                  : As_Optimized
RTL Output                         : Yes
Global Optimization                : AllClockNets
Read Cores                         : YES
Write Timing Constraints           : NO
Cross Clock Analysis               : NO
Hierarchy Separator                : /
Bus Delimiter                      : <>
Case Specifier                     : Maintain
Slice Utilization Ratio            : 100
BRAM Utilization Ratio             : 100
DSP48 Utilization Ratio            : 100
Auto BRAM Packing                  : NO
Slice Utilization Ratio Delta      : 5

=========================================================================


=========================================================================
*                          HDL Parsing                                  *
=========================================================================
Parsing VHDL file "/home/tk/Desktop/cpeg622/proj1/part3/recv.vhd" into library work
Parsing entity <ent_recv>.
Parsing architecture <arch_recv> of entity <ent_recv>.
Parsing VHDL file "/home/tk/Desktop/cpeg622/proj1/part3/list_ch07_03_uart_tx.vhd" into library work
Parsing entity <uart_tx>.
Parsing architecture <arch> of entity <uart_tx>.
Parsing VHDL file "/home/tk/Desktop/cpeg622/proj1/part3/list_ch07_01_uart_rx.vhd" into library work
Parsing entity <uart_rx>.
Parsing architecture <arch> of entity <uart_rx>.
Parsing VHDL file "/home/tk/Desktop/cpeg622/proj1/part3/list_ch04_11_mod_m.vhd" into library work
Parsing entity <mod_m_counter>.
Parsing architecture <arch> of entity <mod_m_counter>.
Parsing VHDL file "/home/tk/Desktop/cpeg622/proj1/part3/top_module.vhd" into library work
Parsing entity <uart>.
Parsing architecture <str_arch> of entity <uart>.

=========================================================================
*                            HDL Elaboration                            *
=========================================================================

Elaborating entity <uart> (architecture <str_arch>) with generics from library <work>.

Elaborating entity <mod_m_counter> (architecture <arch>) with generics from library <work>.

Elaborating entity <uart_rx> (architecture <arch>) with generics from library <work>.

Elaborating entity <ent_recv> (architecture <arch_recv>) with generics from library <work>.

Elaborating entity <uart_tx> (architecture <arch>) with generics from library <work>.

=========================================================================
*                           HDL Synthesis                               *
=========================================================================

Synthesizing Unit <uart>.
    Related source file is "/home/tk/Desktop/cpeg622/proj1/part3/top_module.vhd".
        DBIT = 8
        SB_TICK = 16
        DVSR = 54
        DVSR_BIT = 6
INFO:Xst:3210 - "/home/tk/Desktop/cpeg622/proj1/part3/top_module.vhd" line 37: Output port <q> of the instance <baud_gen_unit> is unconnected or connected to loadless signal.
    Summary:
	no macro.
Unit <uart> synthesized.

Synthesizing Unit <mod_m_counter>.
    Related source file is "/home/tk/Desktop/cpeg622/proj1/part3/list_ch04_11_mod_m.vhd".
        N = 6
        M = 54
    Found 6-bit register for signal <r_reg>.
    Found 6-bit adder for signal <r_reg[5]_GND_5_o_add_2_OUT> created at line 1241.
    Summary:
	inferred   1 Adder/Subtractor(s).
	inferred   6 D-type flip-flop(s).
	inferred   1 Multiplexer(s).
Unit <mod_m_counter> synthesized.

Synthesizing Unit <uart_rx>.
    Related source file is "/home/tk/Desktop/cpeg622/proj1/part3/list_ch07_01_uart_rx.vhd".
        DBIT = 8
        SB_TICK = 16
    Found 4-bit register for signal <s_reg>.
    Found 3-bit register for signal <n_reg>.
    Found 8-bit register for signal <b_reg>.
    Found 2-bit register for signal <state_reg>.
    Found finite state machine <FSM_0> for signal <state_reg>.
    -----------------------------------------------------------------------
    | States             | 4                                              |
    | Transitions        | 12                                             |
    | Inputs             | 5                                              |
    | Outputs            | 2                                              |
    | Clock              | clk (rising_edge)                              |
    | Reset              | reset (positive)                               |
    | Reset type         | asynchronous                                   |
    | Reset State        | idle                                           |
    | Power Up State     | idle                                           |
    | Encoding           | auto                                           |
    | Implementation     | LUT                                            |
    -----------------------------------------------------------------------
    Found 3-bit adder for signal <n_reg[2]_GND_6_o_add_16_OUT> created at line 1241.
    Found 4-bit adder for signal <s_reg[3]_GND_6_o_add_29_OUT> created at line 1241.
    Found 4-bit 4-to-1 multiplexer for signal <s_next> created at line 49.
    Summary:
	inferred   2 Adder/Subtractor(s).
	inferred  15 D-type flip-flop(s).
	inferred  11 Multiplexer(s).
	inferred   1 Finite State Machine(s).
Unit <uart_rx> synthesized.

Synthesizing Unit <ent_recv>.
    Related source file is "/home/tk/Desktop/cpeg622/proj1/part3/recv.vhd".
        WORD_BITS = 8
        BUF_BITS = 4
        BUFF_LEN = 16
    Found 4-bit register for signal <p>.
    Found 8-bit register for signal <buff<15>>.
    Found 8-bit register for signal <buff<14>>.
    Found 8-bit register for signal <buff<13>>.
    Found 8-bit register for signal <buff<12>>.
    Found 8-bit register for signal <buff<11>>.
    Found 8-bit register for signal <buff<10>>.
    Found 8-bit register for signal <buff<9>>.
    Found 8-bit register for signal <buff<8>>.
    Found 8-bit register for signal <buff<7>>.
    Found 8-bit register for signal <buff<6>>.
    Found 8-bit register for signal <buff<5>>.
    Found 8-bit register for signal <buff<4>>.
    Found 8-bit register for signal <buff<3>>.
    Found 8-bit register for signal <buff<2>>.
    Found 8-bit register for signal <buff<1>>.
    Found 8-bit register for signal <buff<0>>.
    Found 3-bit register for signal <state>.
    Found 1-bit register for signal <tx_start>.
    Found 1-bit register for signal <wr_ctrl>.
    Found finite state machine <FSM_1> for signal <state>.
    -----------------------------------------------------------------------
    | States             | 5                                              |
    | Transitions        | 13                                             |
    | Inputs             | 5                                              |
    | Outputs            | 3                                              |
    | Clock              | clk (rising_edge)                              |
    | Reset              | rst (positive)                                 |
    | Reset type         | asynchronous                                   |
    | Reset State        | head_s                                         |
    | Power Up State     | head_s                                         |
    | Encoding           | auto                                           |
    | Implementation     | LUT                                            |
    -----------------------------------------------------------------------
    Found 4-bit adder for signal <p[3]_GND_7_o_add_58_OUT> created at line 1241.
    Found 4-bit subtractor for signal <GND_7_o_GND_7_o_sub_68_OUT<3:0>> created at line 1308.
    Found 4-bit subtractor for signal <GND_7_o_GND_7_o_sub_1_OUT<3:0>> created at line 32.
    Found 8-bit 16-to-1 multiplexer for signal <tx_din> created at line 32.
    Summary:
	inferred   2 Adder/Subtractor(s).
	inferred 134 D-type flip-flop(s).
	inferred   7 Multiplexer(s).
	inferred   1 Finite State Machine(s).
Unit <ent_recv> synthesized.

Synthesizing Unit <uart_tx>.
    Related source file is "/home/tk/Desktop/cpeg622/proj1/part3/list_ch07_03_uart_tx.vhd".
        DBIT = 8
        SB_TICK = 16
    Found 1-bit register for signal <tx_reg>.
    Found 4-bit register for signal <s_reg>.
    Found 3-bit register for signal <n_reg>.
    Found 8-bit register for signal <b_reg>.
    Found 2-bit register for signal <state_reg>.
    Found finite state machine <FSM_2> for signal <state_reg>.
    -----------------------------------------------------------------------
    | States             | 4                                              |
    | Transitions        | 12                                             |
    | Inputs             | 4                                              |
    | Outputs            | 2                                              |
    | Clock              | clk (rising_edge)                              |
    | Reset              | reset (positive)                               |
    | Reset type         | asynchronous                                   |
    | Reset State        | idle                                           |
    | Power Up State     | idle                                           |
    | Encoding           | auto                                           |
    | Implementation     | LUT                                            |
    -----------------------------------------------------------------------
    Found 3-bit adder for signal <n_reg[2]_GND_8_o_add_17_OUT> created at line 1241.
    Found 4-bit adder for signal <s_reg[3]_GND_8_o_add_30_OUT> created at line 1241.
    Found 4-bit 4-to-1 multiplexer for signal <s_next> created at line 55.
    Summary:
	inferred   2 Adder/Subtractor(s).
	inferred  16 D-type flip-flop(s).
	inferred  10 Multiplexer(s).
	inferred   1 Finite State Machine(s).
Unit <uart_tx> synthesized.

=========================================================================
HDL Synthesis Report

Macro Statistics
# Adders/Subtractors                                   : 7
 3-bit adder                                           : 2
 4-bit adder                                           : 2
 4-bit addsub                                          : 1
 4-bit subtractor                                      : 1
 6-bit adder                                           : 1
# Registers                                            : 27
 1-bit register                                        : 3
 3-bit register                                        : 2
 4-bit register                                        : 3
 6-bit register                                        : 1
 8-bit register                                        : 18
# Multiplexers                                         : 29
 1-bit 2-to-1 multiplexer                              : 6
 3-bit 2-to-1 multiplexer                              : 2
 4-bit 2-to-1 multiplexer                              : 16
 4-bit 4-to-1 multiplexer                              : 2
 6-bit 2-to-1 multiplexer                              : 1
 8-bit 16-to-1 multiplexer                             : 1
 8-bit 2-to-1 multiplexer                              : 1
# FSMs                                                 : 3

=========================================================================
INFO:Xst:1767 - HDL ADVISOR - Resource sharing has identified that some arithmetic operations in this design can share the same physical resources for reduced device utilization. For improved clock frequency you may try to disable resource sharing.

=========================================================================
*                       Advanced HDL Synthesis                          *
=========================================================================


Synthesizing (advanced) Unit <mod_m_counter>.
The following registers are absorbed into counter <r_reg>: 1 register on signal <r_reg>.
Unit <mod_m_counter> synthesized (advanced).

Synthesizing (advanced) Unit <uart_rx>.
The following registers are absorbed into counter <n_reg>: 1 register on signal <n_reg>.
Unit <uart_rx> synthesized (advanced).

Synthesizing (advanced) Unit <uart_tx>.
The following registers are absorbed into counter <n_reg>: 1 register on signal <n_reg>.
Unit <uart_tx> synthesized (advanced).

=========================================================================
Advanced HDL Synthesis Report

Macro Statistics
# Adders/Subtractors                                   : 4
 4-bit adder                                           : 2
 4-bit addsub                                          : 1
 4-bit subtractor                                      : 1
# Counters                                             : 3
 3-bit up counter                                      : 2
 6-bit up counter                                      : 1
# Registers                                            : 159
 Flip-Flops                                            : 159
# Multiplexers                                         : 26
 1-bit 2-to-1 multiplexer                              : 6
 4-bit 2-to-1 multiplexer                              : 16
 4-bit 4-to-1 multiplexer                              : 2
 8-bit 16-to-1 multiplexer                             : 1
 8-bit 2-to-1 multiplexer                              : 1
# FSMs                                                 : 3

=========================================================================

=========================================================================
*                         Low Level Synthesis                           *
=========================================================================
Analyzing FSM <MFsm> for best encoding.
Optimizing FSM <pc_rx_unit/FSM_0> on signal <state_reg[1:2]> with gray encoding.
-------------------
 State | Encoding
-------------------
 idle  | 00
 start | 01
 data  | 11
 stop  | 10
-------------------
Analyzing FSM <MFsm> for best encoding.
Optimizing FSM <recv_unit/FSM_1> on signal <state[1:3]> with user encoding.
----------------------
 State    | Encoding
----------------------
 head_s   | 000
 data_s   | 001
 tail_s   | 010
 put_s    | 011
 signal_s | 100
----------------------
Analyzing FSM <MFsm> for best encoding.
Optimizing FSM <pc_tx_unit/FSM_2> on signal <state_reg[1:2]> with gray encoding.
-------------------
 State | Encoding
-------------------
 idle  | 00
 start | 01
 data  | 11
 stop  | 10
-------------------

Optimizing unit <uart> ...

Optimizing unit <uart_rx> ...

Optimizing unit <ent_recv> ...

Optimizing unit <uart_tx> ...
WARNING:Xst:1710 - FF/Latch <pc_tx_unit/s_reg_0> (without init value) has a constant value of 0 in block <uart>. This FF/Latch will be trimmed during the optimization process.
WARNING:Xst:1895 - Due to other FF/Latch trimming, FF/Latch <pc_tx_unit/s_reg_1> (without init value) has a constant value of 0 in block <uart>. This FF/Latch will be trimmed during the optimization process.
WARNING:Xst:1895 - Due to other FF/Latch trimming, FF/Latch <pc_tx_unit/s_reg_2> (without init value) has a constant value of 0 in block <uart>. This FF/Latch will be trimmed during the optimization process.
WARNING:Xst:1895 - Due to other FF/Latch trimming, FF/Latch <pc_tx_unit/s_reg_3> (without init value) has a constant value of 0 in block <uart>. This FF/Latch will be trimmed during the optimization process.
WARNING:Xst:1895 - Due to other FF/Latch trimming, FF/Latch <pc_tx_unit/n_reg_0> (without init value) has a constant value of 0 in block <uart>. This FF/Latch will be trimmed during the optimization process.
WARNING:Xst:1895 - Due to other FF/Latch trimming, FF/Latch <pc_tx_unit/n_reg_1> (without init value) has a constant value of 0 in block <uart>. This FF/Latch will be trimmed during the optimization process.
WARNING:Xst:1895 - Due to other FF/Latch trimming, FF/Latch <pc_tx_unit/n_reg_2> (without init value) has a constant value of 0 in block <uart>. This FF/Latch will be trimmed during the optimization process.
WARNING:Xst:1896 - Due to other FF/Latch trimming, FF/Latch <pc_tx_unit/state_reg_FSM_FFd2> has a constant value of 0 in block <uart>. This FF/Latch will be trimmed during the optimization process.
WARNING:Xst:1896 - Due to other FF/Latch trimming, FF/Latch <pc_tx_unit/state_reg_FSM_FFd1> has a constant value of 0 in block <uart>. This FF/Latch will be trimmed during the optimization process.
WARNING:Xst:1896 - Due to other FF/Latch trimming, FF/Latch <recv_unit/state_FSM_FFd1> has a constant value of 0 in block <uart>. This FF/Latch will be trimmed during the optimization process.
WARNING:Xst:1895 - Due to other FF/Latch trimming, FF/Latch <recv_unit/buff_0_7> (without init value) has a constant value of 0 in block <uart>. This FF/Latch will be trimmed during the optimization process.
WARNING:Xst:1895 - Due to other FF/Latch trimming, FF/Latch <recv_unit/buff_0_6> (without init value) has a constant value of 0 in block <uart>. This FF/Latch will be trimmed during the optimization process.
WARNING:Xst:1895 - Due to other FF/Latch trimming, FF/Latch <recv_unit/buff_0_5> (without init value) has a constant value of 0 in block <uart>. This FF/Latch will be trimmed during the optimization process.
WARNING:Xst:1895 - Due to other FF/Latch trimming, FF/Latch <recv_unit/buff_0_4> (without init value) has a constant value of 0 in block <uart>. This FF/Latch will be trimmed during the optimization process.
WARNING:Xst:1895 - Due to other FF/Latch trimming, FF/Latch <recv_unit/buff_0_3> (without init value) has a constant value of 0 in block <uart>. This FF/Latch will be trimmed during the optimization process.
WARNING:Xst:1895 - Due to other FF/Latch trimming, FF/Latch <recv_unit/buff_0_2> (without init value) has a constant value of 0 in block <uart>. This FF/Latch will be trimmed during the optimization process.
WARNING:Xst:1895 - Due to other FF/Latch trimming, FF/Latch <recv_unit/buff_0_1> (without init value) has a constant value of 0 in block <uart>. This FF/Latch will be trimmed during the optimization process.
WARNING:Xst:1895 - Due to other FF/Latch trimming, FF/Latch <recv_unit/buff_0_0> (without init value) has a constant value of 0 in block <uart>. This FF/Latch will be trimmed during the optimization process.
WARNING:Xst:1895 - Due to other FF/Latch trimming, FF/Latch <recv_unit/tx_start> (without init value) has a constant value of 0 in block <uart>. This FF/Latch will be trimmed during the optimization process.
WARNING:Xst:1895 - Due to other FF/Latch trimming, FF/Latch <pc_tx_unit/b_reg_7> (without init value) has a constant value of 0 in block <uart>. This FF/Latch will be trimmed during the optimization process.
WARNING:Xst:1895 - Due to other FF/Latch trimming, FF/Latch <pc_tx_unit/b_reg_6> (without init value) has a constant value of 0 in block <uart>. This FF/Latch will be trimmed during the optimization process.
WARNING:Xst:1895 - Due to other FF/Latch trimming, FF/Latch <pc_tx_unit/b_reg_5> (without init value) has a constant value of 0 in block <uart>. This FF/Latch will be trimmed during the optimization process.
WARNING:Xst:1895 - Due to other FF/Latch trimming, FF/Latch <pc_tx_unit/b_reg_4> (without init value) has a constant value of 0 in block <uart>. This FF/Latch will be trimmed during the optimization process.
WARNING:Xst:1895 - Due to other FF/Latch trimming, FF/Latch <pc_tx_unit/b_reg_3> (without init value) has a constant value of 0 in block <uart>. This FF/Latch will be trimmed during the optimization process.
WARNING:Xst:1895 - Due to other FF/Latch trimming, FF/Latch <pc_tx_unit/b_reg_2> (without init value) has a constant value of 0 in block <uart>. This FF/Latch will be trimmed during the optimization process.
WARNING:Xst:1895 - Due to other FF/Latch trimming, FF/Latch <pc_tx_unit/b_reg_1> (without init value) has a constant value of 0 in block <uart>. This FF/Latch will be trimmed during the optimization process.
WARNING:Xst:1895 - Due to other FF/Latch trimming, FF/Latch <pc_tx_unit/b_reg_0> (without init value) has a constant value of 0 in block <uart>. This FF/Latch will be trimmed during the optimization process.
WARNING:Xst:1895 - Due to other FF/Latch trimming, FF/Latch <pc_tx_unit/tx_reg> (without init value) has a constant value of 1 in block <uart>. This FF/Latch will be trimmed during the optimization process.
WARNING:Xst:1898 - Due to constant pushing, FF/Latch <recv_unit/buff_2_7> is unconnected in block <uart>.
WARNING:Xst:1898 - Due to constant pushing, FF/Latch <recv_unit/buff_3_7> is unconnected in block <uart>.
WARNING:Xst:1898 - Due to constant pushing, FF/Latch <recv_unit/buff_1_7> is unconnected in block <uart>.
WARNING:Xst:1898 - Due to constant pushing, FF/Latch <recv_unit/buff_6_7> is unconnected in block <uart>.
WARNING:Xst:1898 - Due to constant pushing, FF/Latch <recv_unit/buff_7_7> is unconnected in block <uart>.
WARNING:Xst:1898 - Due to constant pushing, FF/Latch <recv_unit/buff_5_7> is unconnected in block <uart>.
WARNING:Xst:1898 - Due to constant pushing, FF/Latch <recv_unit/buff_4_7> is unconnected in block <uart>.
WARNING:Xst:1898 - Due to constant pushing, FF/Latch <recv_unit/buff_10_7> is unconnected in block <uart>.
WARNING:Xst:1898 - Due to constant pushing, FF/Latch <recv_unit/buff_11_7> is unconnected in block <uart>.
WARNING:Xst:1898 - Due to constant pushing, FF/Latch <recv_unit/buff_9_7> is unconnected in block <uart>.
WARNING:Xst:1898 - Due to constant pushing, FF/Latch <recv_unit/buff_8_7> is unconnected in block <uart>.
WARNING:Xst:1898 - Due to constant pushing, FF/Latch <recv_unit/buff_14_7> is unconnected in block <uart>.
WARNING:Xst:1898 - Due to constant pushing, FF/Latch <recv_unit/buff_15_7> is unconnected in block <uart>.
WARNING:Xst:1898 - Due to constant pushing, FF/Latch <recv_unit/buff_13_7> is unconnected in block <uart>.
WARNING:Xst:1898 - Due to constant pushing, FF/Latch <recv_unit/buff_12_7> is unconnected in block <uart>.
WARNING:Xst:1898 - Due to constant pushing, FF/Latch <recv_unit/buff_2_6> is unconnected in block <uart>.
WARNING:Xst:1898 - Due to constant pushing, FF/Latch <recv_unit/buff_3_6> is unconnected in block <uart>.
WARNING:Xst:1898 - Due to constant pushing, FF/Latch <recv_unit/buff_1_6> is unconnected in block <uart>.
WARNING:Xst:1898 - Due to constant pushing, FF/Latch <recv_unit/buff_6_6> is unconnected in block <uart>.
WARNING:Xst:1898 - Due to constant pushing, FF/Latch <recv_unit/buff_7_6> is unconnected in block <uart>.
WARNING:Xst:1898 - Due to constant pushing, FF/Latch <recv_unit/buff_5_6> is unconnected in block <uart>.
WARNING:Xst:1898 - Due to constant pushing, FF/Latch <recv_unit/buff_4_6> is unconnected in block <uart>.
WARNING:Xst:1898 - Due to constant pushing, FF/Latch <recv_unit/buff_10_6> is unconnected in block <uart>.
WARNING:Xst:1898 - Due to constant pushing, FF/Latch <recv_unit/buff_11_6> is unconnected in block <uart>.
WARNING:Xst:1898 - Due to constant pushing, FF/Latch <recv_unit/buff_9_6> is unconnected in block <uart>.
WARNING:Xst:1898 - Due to constant pushing, FF/Latch <recv_unit/buff_8_6> is unconnected in block <uart>.
WARNING:Xst:1898 - Due to constant pushing, FF/Latch <recv_unit/buff_14_6> is unconnected in block <uart>.
WARNING:Xst:1898 - Due to constant pushing, FF/Latch <recv_unit/buff_15_6> is unconnected in block <uart>.
WARNING:Xst:1898 - Due to constant pushing, FF/Latch <recv_unit/buff_13_6> is unconnected in block <uart>.
WARNING:Xst:1898 - Due to constant pushing, FF/Latch <recv_unit/buff_12_6> is unconnected in block <uart>.
WARNING:Xst:1898 - Due to constant pushing, FF/Latch <recv_unit/buff_2_5> is unconnected in block <uart>.
WARNING:Xst:1898 - Due to constant pushing, FF/Latch <recv_unit/buff_3_5> is unconnected in block <uart>.
WARNING:Xst:1898 - Due to constant pushing, FF/Latch <recv_unit/buff_1_5> is unconnected in block <uart>.
WARNING:Xst:1898 - Due to constant pushing, FF/Latch <recv_unit/buff_6_5> is unconnected in block <uart>.
WARNING:Xst:1898 - Due to constant pushing, FF/Latch <recv_unit/buff_7_5> is unconnected in block <uart>.
WARNING:Xst:1898 - Due to constant pushing, FF/Latch <recv_unit/buff_5_5> is unconnected in block <uart>.
WARNING:Xst:1898 - Due to constant pushing, FF/Latch <recv_unit/buff_4_5> is unconnected in block <uart>.
WARNING:Xst:1898 - Due to constant pushing, FF/Latch <recv_unit/buff_10_5> is unconnected in block <uart>.
WARNING:Xst:1898 - Due to constant pushing, FF/Latch <recv_unit/buff_11_5> is unconnected in block <uart>.
WARNING:Xst:1898 - Due to constant pushing, FF/Latch <recv_unit/buff_9_5> is unconnected in block <uart>.
WARNING:Xst:1898 - Due to constant pushing, FF/Latch <recv_unit/buff_8_5> is unconnected in block <uart>.
WARNING:Xst:1898 - Due to constant pushing, FF/Latch <recv_unit/buff_14_5> is unconnected in block <uart>.
WARNING:Xst:1898 - Due to constant pushing, FF/Latch <recv_unit/buff_15_5> is unconnected in block <uart>.
WARNING:Xst:1898 - Due to constant pushing, FF/Latch <recv_unit/buff_13_5> is unconnected in block <uart>.
WARNING:Xst:1898 - Due to constant pushing, FF/Latch <recv_unit/buff_12_5> is unconnected in block <uart>.
WARNING:Xst:1898 - Due to constant pushing, FF/Latch <recv_unit/buff_2_4> is unconnected in block <uart>.
WARNING:Xst:1898 - Due to constant pushing, FF/Latch <recv_unit/buff_3_4> is unconnected in block <uart>.
WARNING:Xst:1898 - Due to constant pushing, FF/Latch <recv_unit/buff_1_4> is unconnected in block <uart>.
WARNING:Xst:1898 - Due to constant pushing, FF/Latch <recv_unit/buff_6_4> is unconnected in block <uart>.
WARNING:Xst:1898 - Due to constant pushing, FF/Latch <recv_unit/buff_7_4> is unconnected in block <uart>.
WARNING:Xst:1898 - Due to constant pushing, FF/Latch <recv_unit/buff_5_4> is unconnected in block <uart>.
WARNING:Xst:1898 - Due to constant pushing, FF/Latch <recv_unit/buff_4_4> is unconnected in block <uart>.
WARNING:Xst:1898 - Due to constant pushing, FF/Latch <recv_unit/buff_10_4> is unconnected in block <uart>.
WARNING:Xst:1898 - Due to constant pushing, FF/Latch <recv_unit/buff_11_4> is unconnected in block <uart>.
WARNING:Xst:1898 - Due to constant pushing, FF/Latch <recv_unit/buff_9_4> is unconnected in block <uart>.
WARNING:Xst:1898 - Due to constant pushing, FF/Latch <recv_unit/buff_8_4> is unconnected in block <uart>.
WARNING:Xst:1898 - Due to constant pushing, FF/Latch <recv_unit/buff_14_4> is unconnected in block <uart>.
WARNING:Xst:1898 - Due to constant pushing, FF/Latch <recv_unit/buff_15_4> is unconnected in block <uart>.
WARNING:Xst:1898 - Due to constant pushing, FF/Latch <recv_unit/buff_13_4> is unconnected in block <uart>.
WARNING:Xst:1898 - Due to constant pushing, FF/Latch <recv_unit/buff_12_4> is unconnected in block <uart>.
WARNING:Xst:1898 - Due to constant pushing, FF/Latch <recv_unit/buff_2_3> is unconnected in block <uart>.
WARNING:Xst:1898 - Due to constant pushing, FF/Latch <recv_unit/buff_3_3> is unconnected in block <uart>.
WARNING:Xst:1898 - Due to constant pushing, FF/Latch <recv_unit/buff_1_3> is unconnected in block <uart>.
WARNING:Xst:1898 - Due to constant pushing, FF/Latch <recv_unit/buff_6_3> is unconnected in block <uart>.
WARNING:Xst:1898 - Due to constant pushing, FF/Latch <recv_unit/buff_7_3> is unconnected in block <uart>.
WARNING:Xst:1898 - Due to constant pushing, FF/Latch <recv_unit/buff_5_3> is unconnected in block <uart>.
WARNING:Xst:1898 - Due to constant pushing, FF/Latch <recv_unit/buff_4_3> is unconnected in block <uart>.
WARNING:Xst:1898 - Due to constant pushing, FF/Latch <recv_unit/buff_10_3> is unconnected in block <uart>.
WARNING:Xst:1898 - Due to constant pushing, FF/Latch <recv_unit/buff_11_3> is unconnected in block <uart>.
WARNING:Xst:1898 - Due to constant pushing, FF/Latch <recv_unit/buff_9_3> is unconnected in block <uart>.
WARNING:Xst:1898 - Due to constant pushing, FF/Latch <recv_unit/buff_8_3> is unconnected in block <uart>.
WARNING:Xst:1898 - Due to constant pushing, FF/Latch <recv_unit/buff_14_3> is unconnected in block <uart>.
WARNING:Xst:1898 - Due to constant pushing, FF/Latch <recv_unit/buff_15_3> is unconnected in block <uart>.
WARNING:Xst:1898 - Due to constant pushing, FF/Latch <recv_unit/buff_13_3> is unconnected in block <uart>.
WARNING:Xst:1898 - Due to constant pushing, FF/Latch <recv_unit/buff_12_3> is unconnected in block <uart>.
WARNING:Xst:1898 - Due to constant pushing, FF/Latch <recv_unit/buff_2_2> is unconnected in block <uart>.
WARNING:Xst:1898 - Due to constant pushing, FF/Latch <recv_unit/buff_3_2> is unconnected in block <uart>.
WARNING:Xst:1898 - Due to constant pushing, FF/Latch <recv_unit/buff_1_2> is unconnected in block <uart>.
WARNING:Xst:1898 - Due to constant pushing, FF/Latch <recv_unit/buff_6_2> is unconnected in block <uart>.
WARNING:Xst:1898 - Due to constant pushing, FF/Latch <recv_unit/buff_7_2> is unconnected in block <uart>.
WARNING:Xst:1898 - Due to constant pushing, FF/Latch <recv_unit/buff_5_2> is unconnected in block <uart>.
WARNING:Xst:1898 - Due to constant pushing, FF/Latch <recv_unit/buff_4_2> is unconnected in block <uart>.
WARNING:Xst:1898 - Due to constant pushing, FF/Latch <recv_unit/buff_10_2> is unconnected in block <uart>.
WARNING:Xst:1898 - Due to constant pushing, FF/Latch <recv_unit/buff_11_2> is unconnected in block <uart>.
WARNING:Xst:1898 - Due to constant pushing, FF/Latch <recv_unit/buff_9_2> is unconnected in block <uart>.
WARNING:Xst:1898 - Due to constant pushing, FF/Latch <recv_unit/buff_8_2> is unconnected in block <uart>.
WARNING:Xst:1898 - Due to constant pushing, FF/Latch <recv_unit/buff_14_2> is unconnected in block <uart>.
WARNING:Xst:1898 - Due to constant pushing, FF/Latch <recv_unit/buff_15_2> is unconnected in block <uart>.
WARNING:Xst:1898 - Due to constant pushing, FF/Latch <recv_unit/buff_13_2> is unconnected in block <uart>.
WARNING:Xst:1898 - Due to constant pushing, FF/Latch <recv_unit/buff_12_2> is unconnected in block <uart>.
WARNING:Xst:1898 - Due to constant pushing, FF/Latch <recv_unit/buff_2_1> is unconnected in block <uart>.
WARNING:Xst:1898 - Due to constant pushing, FF/Latch <recv_unit/buff_3_1> is unconnected in block <uart>.
WARNING:Xst:1898 - Due to constant pushing, FF/Latch <recv_unit/buff_1_1> is unconnected in block <uart>.
WARNING:Xst:1898 - Due to constant pushing, FF/Latch <recv_unit/buff_6_1> is unconnected in block <uart>.
WARNING:Xst:1898 - Due to constant pushing, FF/Latch <recv_unit/buff_7_1> is unconnected in block <uart>.
WARNING:Xst:1898 - Due to constant pushing, FF/Latch <recv_unit/buff_5_1> is unconnected in block <uart>.
WARNING:Xst:1898 - Due to constant pushing, FF/Latch <recv_unit/buff_4_1> is unconnected in block <uart>.
WARNING:Xst:1898 - Due to constant pushing, FF/Latch <recv_unit/buff_10_1> is unconnected in block <uart>.
WARNING:Xst:1898 - Due to constant pushing, FF/Latch <recv_unit/buff_11_1> is unconnected in block <uart>.
WARNING:Xst:1898 - Due to constant pushing, FF/Latch <recv_unit/buff_9_1> is unconnected in block <uart>.
WARNING:Xst:1898 - Due to constant pushing, FF/Latch <recv_unit/buff_8_1> is unconnected in block <uart>.
WARNING:Xst:1898 - Due to constant pushing, FF/Latch <recv_unit/buff_14_1> is unconnected in block <uart>.
WARNING:Xst:1898 - Due to constant pushing, FF/Latch <recv_unit/buff_15_1> is unconnected in block <uart>.
WARNING:Xst:1898 - Due to constant pushing, FF/Latch <recv_unit/buff_13_1> is unconnected in block <uart>.
WARNING:Xst:1898 - Due to constant pushing, FF/Latch <recv_unit/buff_12_1> is unconnected in block <uart>.
WARNING:Xst:1898 - Due to constant pushing, FF/Latch <recv_unit/buff_2_0> is unconnected in block <uart>.
WARNING:Xst:1898 - Due to constant pushing, FF/Latch <recv_unit/buff_3_0> is unconnected in block <uart>.
WARNING:Xst:1898 - Due to constant pushing, FF/Latch <recv_unit/buff_1_0> is unconnected in block <uart>.
WARNING:Xst:1898 - Due to constant pushing, FF/Latch <recv_unit/buff_6_0> is unconnected in block <uart>.
WARNING:Xst:1898 - Due to constant pushing, FF/Latch <recv_unit/buff_7_0> is unconnected in block <uart>.
WARNING:Xst:1898 - Due to constant pushing, FF/Latch <recv_unit/buff_5_0> is unconnected in block <uart>.
WARNING:Xst:1898 - Due to constant pushing, FF/Latch <recv_unit/buff_4_0> is unconnected in block <uart>.
WARNING:Xst:1898 - Due to constant pushing, FF/Latch <recv_unit/buff_10_0> is unconnected in block <uart>.
WARNING:Xst:1898 - Due to constant pushing, FF/Latch <recv_unit/buff_11_0> is unconnected in block <uart>.
WARNING:Xst:1898 - Due to constant pushing, FF/Latch <recv_unit/buff_9_0> is unconnected in block <uart>.
WARNING:Xst:1898 - Due to constant pushing, FF/Latch <recv_unit/buff_8_0> is unconnected in block <uart>.
WARNING:Xst:1898 - Due to constant pushing, FF/Latch <recv_unit/buff_14_0> is unconnected in block <uart>.
WARNING:Xst:1898 - Due to constant pushing, FF/Latch <recv_unit/buff_15_0> is unconnected in block <uart>.
WARNING:Xst:1898 - Due to constant pushing, FF/Latch <recv_unit/buff_13_0> is unconnected in block <uart>.
WARNING:Xst:1898 - Due to constant pushing, FF/Latch <recv_unit/wr_ctrl> is unconnected in block <uart>.
WARNING:Xst:1898 - Due to constant pushing, FF/Latch <recv_unit/buff_12_0> is unconnected in block <uart>.
WARNING:Xst:2677 - Node <baud_gen_unit/r_reg_0> of sequential type is unconnected in block <uart>.
WARNING:Xst:2677 - Node <baud_gen_unit/r_reg_1> of sequential type is unconnected in block <uart>.
WARNING:Xst:2677 - Node <baud_gen_unit/r_reg_2> of sequential type is unconnected in block <uart>.
WARNING:Xst:2677 - Node <baud_gen_unit/r_reg_3> of sequential type is unconnected in block <uart>.
WARNING:Xst:2677 - Node <baud_gen_unit/r_reg_4> of sequential type is unconnected in block <uart>.
WARNING:Xst:2677 - Node <baud_gen_unit/r_reg_5> of sequential type is unconnected in block <uart>.
WARNING:Xst:2677 - Node <pc_rx_unit/state_reg_FSM_FFd1> of sequential type is unconnected in block <uart>.
WARNING:Xst:2677 - Node <pc_rx_unit/state_reg_FSM_FFd2> of sequential type is unconnected in block <uart>.
WARNING:Xst:2677 - Node <pc_rx_unit/n_reg_2> of sequential type is unconnected in block <uart>.
WARNING:Xst:2677 - Node <pc_rx_unit/n_reg_1> of sequential type is unconnected in block <uart>.
WARNING:Xst:2677 - Node <pc_rx_unit/n_reg_0> of sequential type is unconnected in block <uart>.
WARNING:Xst:2677 - Node <pc_rx_unit/s_reg_3> of sequential type is unconnected in block <uart>.
WARNING:Xst:2677 - Node <pc_rx_unit/s_reg_2> of sequential type is unconnected in block <uart>.
WARNING:Xst:2677 - Node <pc_rx_unit/s_reg_1> of sequential type is unconnected in block <uart>.
WARNING:Xst:2677 - Node <pc_rx_unit/s_reg_0> of sequential type is unconnected in block <uart>.
WARNING:Xst:2677 - Node <pc_rx_unit/b_reg_7> of sequential type is unconnected in block <uart>.
WARNING:Xst:2677 - Node <pc_rx_unit/b_reg_6> of sequential type is unconnected in block <uart>.
WARNING:Xst:2677 - Node <pc_rx_unit/b_reg_5> of sequential type is unconnected in block <uart>.
WARNING:Xst:2677 - Node <pc_rx_unit/b_reg_4> of sequential type is unconnected in block <uart>.
WARNING:Xst:2677 - Node <pc_rx_unit/b_reg_3> of sequential type is unconnected in block <uart>.
WARNING:Xst:2677 - Node <pc_rx_unit/b_reg_2> of sequential type is unconnected in block <uart>.
WARNING:Xst:2677 - Node <pc_rx_unit/b_reg_1> of sequential type is unconnected in block <uart>.
WARNING:Xst:2677 - Node <pc_rx_unit/b_reg_0> of sequential type is unconnected in block <uart>.
WARNING:Xst:2677 - Node <recv_unit/state_FSM_FFd2> of sequential type is unconnected in block <uart>.
WARNING:Xst:2677 - Node <recv_unit/state_FSM_FFd3> of sequential type is unconnected in block <uart>.
WARNING:Xst:2677 - Node <recv_unit/p_3> of sequential type is unconnected in block <uart>.
WARNING:Xst:2677 - Node <recv_unit/p_2> of sequential type is unconnected in block <uart>.
WARNING:Xst:2677 - Node <recv_unit/p_1> of sequential type is unconnected in block <uart>.
WARNING:Xst:2677 - Node <recv_unit/p_0> of sequential type is unconnected in block <uart>.

Mapping all equations...
Building and optimizing final netlist ...
Found area constraint ratio of 100 (+ 5) on block uart, actual ratio is 0.

Final Macro Processing ...

=========================================================================
Final Register Report

Found no macro
=========================================================================

=========================================================================
*                           Partition Report                            *
=========================================================================

Partition Implementation Status
-------------------------------

  No Partitions were found in this design.

-------------------------------

=========================================================================
*                            Design Summary                             *
=========================================================================

Top Level Output File Name         : uart.ngc

Primitive and Black Box Usage:
------------------------------
# BELS                             : 2
#      GND                         : 1
#      VCC                         : 1
# IO Buffers                       : 3
#      OBUF                        : 3

Device utilization summary:
---------------------------

Selected Device : 6slx16csg324-3 


Slice Logic Utilization: 

Slice Logic Distribution: 
 Number of LUT Flip Flop pairs used:      0
   Number with an unused Flip Flop:       0  out of      0         
   Number with an unused LUT:             0  out of      0         
   Number of fully used LUT-FF pairs:     0  out of      0         
   Number of unique control sets:         0

IO Utilization: 
 Number of IOs:                           8
 Number of bonded IOBs:                   3  out of    232     1%  

Specific Feature Utilization:

---------------------------
Partition Resource Summary:
---------------------------

  No Partitions were found in this design.

---------------------------


=========================================================================
Timing Report

NOTE: THESE TIMING NUMBERS ARE ONLY A SYNTHESIS ESTIMATE.
      FOR ACCURATE TIMING INFORMATION PLEASE REFER TO THE TRACE REPORT
      GENERATED AFTER PLACE-and-ROUTE.

Clock Information:
------------------
No clock signals found in this design

Asynchronous Control Signals Information:
----------------------------------------
No asynchronous control signals found in this design

Timing Summary:
---------------
Speed Grade: -3

   Minimum period: No path found
   Minimum input arrival time before clock: No path found
   Maximum output required time after clock: No path found
   Maximum combinational path delay: No path found

Timing Details:
---------------
All values displayed in nanoseconds (ns)

=========================================================================

Cross Clock Domains Report:
--------------------------

=========================================================================


Total REAL time to Xst completion: 7.00 secs
Total CPU time to Xst completion: 6.76 secs
 
--> 


Total memory usage is 394172 kilobytes

Number of errors   :    0 (   0 filtered)
Number of warnings :  178 (   0 filtered)
Number of infos    :    2 (   0 filtered)

